c:\users\c00207452\desktop\gameplay-programming-i-lab09\sfmlopengl\debug\vc140.pdb
c:\users\c00207452\desktop\gameplay-programming-i-lab09\sfmlopengl\debug\vc140.idb
c:\users\c00207452\desktop\gameplay-programming-i-lab09\sfmlopengl\debug\main.obj
c:\users\c00207452\desktop\gameplay-programming-i-lab09\sfmlopengl\debug\game.obj
c:\users\c00207452\desktop\lab 9\sfmlopengl\debug\vc140.pdb
c:\users\c00207452\desktop\lab 9\sfmlopengl\debug\vc140.idb
c:\users\c00207452\desktop\lab 9\sfmlopengl\debug\game.obj
c:\users\c00207452\desktop\lab 9\sfmlopengl\debug\main.obj
c:\users\c00207452\desktop\gameplay-programming-i-lab09\debug\sfmlopengl.ilk
c:\users\c00207452\desktop\gameplay-programming-i-lab09\debug\sfmlopengl.exe
c:\users\c00207452\desktop\gameplay-programming-i-lab09\debug\sfmlopengl.pdb
c:\users\c00207452\desktop\lab 9\debug\sfmlopengl.ilk
c:\users\c00207452\desktop\lab 9\debug\sfmlopengl.exe
c:\users\c00207452\desktop\lab 9\debug\sfmlopengl.pdb
c:\users\c00207452\desktop\lab 9\sfmlopengl\debug\game.new.obj.enc
c:\users\c00207452\desktop\lab 9\sfmlopengl\debug\game.obj.enc
c:\users\c00207452\desktop\lab 9\sfmlopengl\debug\sfmlopengl.tlog\cl.command.1.tlog
c:\users\c00207452\desktop\lab 9\sfmlopengl\debug\sfmlopengl.tlog\cl.read.1.tlog
c:\users\c00207452\desktop\lab 9\sfmlopengl\debug\sfmlopengl.tlog\cl.write.1.tlog
c:\users\c00207452\desktop\lab 9\sfmlopengl\debug\sfmlopengl.tlog\link.command.1.tlog
c:\users\c00207452\desktop\lab 9\sfmlopengl\debug\sfmlopengl.tlog\link.read.1.tlog
c:\users\c00207452\desktop\lab 9\sfmlopengl\debug\sfmlopengl.tlog\link.write.1.tlog
